#
# There is insufficient memory for the Java Runtime Environment to continue.
# Native memory allocation (malloc) failed to allocate 32744 bytes for ChunkPool::allocate
# Possible reasons:
#   The system is out of physical RAM or swap space
#   In 32 bit mode, the process size limit was hit
# Possible solutions:
#   Reduce memory load on the system
#   Increase physical memory or swap space
#   Check if swap backing store is full
#   Use 64 bit Java on a 64 bit OS
#   Decrease Java heap size (-Xmx/-Xms)
#   Decrease number of Java threads
#   Decrease Java thread stack sizes (-Xss)
#   Set larger code cache with -XX:ReservedCodeCacheSize=
# This output file may be truncated or incomplete.
#
#  Out of Memory Error (allocation.cpp:273), pid=5832, tid=0x00000000000029a8
#
# JRE version: Java(TM) SE Runtime Environment (8.0_181-b13) (build 1.8.0_181-b13)
# Java VM: Java HotSpot(TM) 64-Bit Server VM (25.181-b13 mixed mode windows-amd64 compressed oops)
# Failed to write core dump. Minidumps are not enabled by default on client versions of Windows
#

---------------  T H R E A D  ---------------

Current thread (0x0000000016262800):  JavaThread "C1 CompilerThread2" daemon [_thread_in_native, id=10664, stack(0x0000000016760000,0x0000000016860000)]

Stack: [0x0000000016760000,0x0000000016860000]
[error occurred during error reporting (printing stack bounds), id 0xc0000005]

Native frames: (J=compiled Java code, j=interpreted, Vv=VM code, C=native code)


Current CompileTask:
C1:  22555  313       3       javax.swing.UIDefaults$TextAndMnemonicHashMap::get (358 bytes)


---------------  P R O C E S S  ---------------

Java Threads: ( => current thread )
  0x0000000002481000 JavaThread "DestroyJavaVM" [_thread_blocked, id=9840, stack(0x0000000002380000,0x0000000002480000)]
  0x000000001655f000 JavaThread "AWT-EventQueue-0" [_thread_blocked, id=19432, stack(0x0000000017910000,0x0000000017a10000)]
  0x0000000016654800 JavaThread "AWT-Shutdown" [_thread_blocked, id=19148, stack(0x0000000017810000,0x0000000017910000)]
  0x0000000016646800 JavaThread "AWT-Windows" daemon [_thread_in_native, id=13436, stack(0x0000000016da0000,0x0000000016ea0000)]
  0x00000000165de800 JavaThread "Java2D Disposer" daemon [_thread_blocked, id=9272, stack(0x0000000016ba0000,0x0000000016ca0000)]
  0x0000000016266800 JavaThread "Service Thread" daemon [_thread_blocked, id=12504, stack(0x0000000016860000,0x0000000016960000)]
=>0x0000000016262800 JavaThread "C1 CompilerThread2" daemon [_thread_in_native, id=10664, stack(0x0000000016760000,0x0000000016860000)]
  0x0000000014b7c000 JavaThread "C2 CompilerThread1" daemon [_thread_blocked, id=11956, stack(0x0000000016660000,0x0000000016760000)]
  0x0000000014b1d000 JavaThread "C2 CompilerThread0" daemon [_thread_blocked, id=2484, stack(0x0000000016160000,0x0000000016260000)]
  0x0000000014b1b000 JavaThread "Attach Listener" daemon [_thread_blocked, id=1568, stack(0x0000000016060000,0x0000000016160000)]
  0x0000000014b1a000 JavaThread "Signal Dispatcher" daemon [_thread_blocked, id=11884, stack(0x0000000015f60000,0x0000000016060000)]
  0x0000000014b0a800 JavaThread "Finalizer" daemon [_thread_blocked, id=8232, stack(0x0000000015d70000,0x0000000015e70000)]
  0x0000000014ae9000 JavaThread "Reference Handler" daemon [_thread_blocked, id=12024, stack(0x0000000015c70000,0x0000000015d70000)]

Other Threads:
  0x0000000014ae8000 VMThread [stack: 0x0000000015b70000,0x0000000015c70000] [id=3412]
  0x0000000016268000 WatcherThread [stack: 0x0000000016960000,0x0000000016a60000] [id=8548]

VM state:at safepoint (normal execution)

VM Mutex/Monitor currently owned by a thread:  ([mutex/lock_event])
[0x0000000000ae87b0] OopMapCacheAlloc_lock - owner thread: 0x0000000002497000
[0x0000000000aec270] Threads_lock - owner thread: 0x0000000014ae8000
[0x0000000000aebd70] Heap_lock - owner thread: 0x000000001655f000

Heap:
 PSYoungGen      total 18432K, used 5398K [0x00000000eb580000, 0x00000000eca00000, 0x0000000100000000)
  eden space 15872K, 34% used [0x00000000eb580000,0x00000000ebac59e0,0x00000000ec500000)
  from space 2560K, 0% used [0x00000000ec780000,0x00000000ec780000,0x00000000eca00000)
  to   space 2560K, 22% used [0x00000000ec500000,0x00000000ec590000,0x00000000ec780000)
 ParOldGen       total 42496K, used 0K [0x00000000c2000000, 0x00000000c4980000, 0x00000000eb580000)
  object space 42496K, 0% used [0x00000000c2000000,0x00000000c2000000,0x00000000c4980000)
 Metaspace       used 8710K, capacity 8884K, committed 8960K, reserved 1060864K
  class space    used 1125K, capacity 1213K, committed 1280K, reserved 1048576K

Card table byte_map: [0x0000000011940000,0x0000000011b40000] byte_map_base: 0x0000000011330000

Marking Bits: (ParMarkBitMap*) 0x00000000737d2d00
 Begin Bits: [0x0000000012090000, 0x0000000013010000)
 End Bits:   [0x0000000013010000, 0x0000000013f90000)

Polling page: 0x0000000000830000

CodeCache: size=245760Kb used=1718Kb max_used=1718Kb free=244041Kb
 bounds [0x0000000002580000, 0x00000000027f0000, 0x0000000011580000]
 total_blobs=699 nmethods=313 adapters=299
 compilation: enabled

Compilation events (10 events):
Event: 15.018 Thread 0x0000000016262800 nmethod 298 0x0000000002729c90 code [0x0000000002729de0, 0x0000000002729ed0]
Event: 15.463 Thread 0x0000000016262800  309       3       java.util.concurrent.ConcurrentHashMap$Node::<init> (26 bytes)
Event: 15.463 Thread 0x0000000016262800 nmethod 309 0x0000000002729f50 code [0x000000000272a0a0, 0x000000000272a290]
Event: 15.493 Thread 0x0000000016262800  310       3       java.util.concurrent.ConcurrentHashMap::casTabAt (20 bytes)
Event: 15.493 Thread 0x0000000016262800 nmethod 310 0x000000000272a350 code [0x000000000272a4a0, 0x000000000272a610]
Event: 17.885 Thread 0x0000000016262800  311       3       java.util.HashMap::resize (359 bytes)
Event: 17.887 Thread 0x0000000016262800 nmethod 311 0x000000000272ad10 code [0x000000000272af60, 0x000000000272c188]
Event: 17.887 Thread 0x0000000016262800  312       3       sun.util.ResourceBundleEnumeration::hasMoreElements (117 bytes)
Event: 17.888 Thread 0x0000000016262800 nmethod 312 0x000000000272c8d0 code [0x000000000272cac0, 0x000000000272d4c8]
Event: 17.888 Thread 0x0000000016262800  313       3       javax.swing.UIDefaults$TextAndMnemonicHashMap::get (358 bytes)

GC Heap History (0 events):
No events

Deoptimization events (0 events):
No events

Classes redefined (0 events):
No events

Internal exceptions (10 events):
Event: 14.915 Thread 0x0000000002481000 Exception <a 'java/lang/ClassNotFoundException': ToolBar> (0x00000000eb93da78) thrown at [C:\re\workspace\8-2-build-windows-amd64-cygwin\jdk8u181\11358\hotspot\src\share\vm\classfile\systemDictionary.cpp, line 210]
Event: 14.915 Thread 0x0000000002481000 Exception <a 'java/lang/ClassNotFoundException': ToggleButton> (0x00000000eb93e028) thrown at [C:\re\workspace\8-2-build-windows-amd64-cygwin\jdk8u181\11358\hotspot\src\share\vm\classfile\systemDictionary.cpp, line 210]
Event: 14.915 Thread 0x0000000002481000 Exception <a 'java/lang/ClassNotFoundException': javax/swing/JToolBarSeparator> (0x00000000eb93e488) thrown at [C:\re\workspace\8-2-build-windows-amd64-cygwin\jdk8u181\11358\hotspot\src\share\vm\classfile\systemDictionary.cpp, line 210]
Event: 14.915 Thread 0x0000000002481000 Exception <a 'java/lang/ClassNotFoundException': ToolBarSeparator> (0x00000000eb93e920) thrown at [C:\re\workspace\8-2-build-windows-amd64-cygwin\jdk8u181\11358\hotspot\src\share\vm\classfile\systemDictionary.cpp, line 210]
Event: 14.916 Thread 0x0000000002481000 Exception <a 'java/lang/ClassNotFoundException': ToolTip> (0x00000000eb93f060) thrown at [C:\re\workspace\8-2-build-windows-amd64-cygwin\jdk8u181\11358\hotspot\src\share\vm\classfile\systemDictionary.cpp, line 210]
Event: 14.917 Thread 0x0000000002481000 Exception <a 'java/lang/ClassNotFoundException': Tree> (0x00000000eb93fc80) thrown at [C:\re\workspace\8-2-build-windows-amd64-cygwin\jdk8u181\11358\hotspot\src\share\vm\classfile\systemDictionary.cpp, line 210]
Event: 14.917 Thread 0x0000000002481000 Exception <a 'java/lang/ClassNotFoundException': Tree> (0x00000000eb9403c0) thrown at [C:\re\workspace\8-2-build-windows-amd64-cygwin\jdk8u181\11358\hotspot\src\share\vm\classfile\systemDictionary.cpp, line 210]
Event: 14.917 Thread 0x0000000002481000 Exception <a 'java/lang/ClassNotFoundException': javax/swing/JTreeCell> (0x00000000eb940740) thrown at [C:\re\workspace\8-2-build-windows-amd64-cygwin\jdk8u181\11358\hotspot\src\share\vm\classfile\systemDictionary.cpp, line 210]
Event: 14.918 Thread 0x0000000002481000 Exception <a 'java/lang/ClassNotFoundException': TreeCell> (0x00000000eb940bc8) thrown at [C:\re\workspace\8-2-build-windows-amd64-cygwin\jdk8u181\11358\hotspot\src\share\vm\classfile\systemDictionary.cpp, line 210]
Event: 14.918 Thread 0x0000000002481000 Exception <a 'java/lang/ClassNotFoundException': RootPane> (0x00000000eb941628) thrown at [C:\re\workspace\8-2-build-windows-amd64-cygwin\jdk8u181\11358\hotspot\src\share\vm\classfile\systemDictionary.cpp, line 210]

Events (10 events):
Event: 17.888 loading class java/net/JarURLConnection done
Event: 17.888 loading class sun/net/www/protocol/jar/JarURLConnection done
Event: 17.888 loading class sun/net/www/protocol/jar/JarFileFactory
Event: 17.888 loading class sun/net/www/protocol/jar/URLJarFile$URLJarFileCloseController
Event: 17.888 loading class sun/net/www/protocol/jar/URLJarFile$URLJarFileCloseController done
Event: 17.888 loading class sun/net/www/protocol/jar/JarFileFactory done
Event: 17.888 loading class java/net/HttpURLConnection
Event: 17.889 loading class java/net/HttpURLConnection done
Event: 17.889 loading class sun/net/www/protocol/jar/URLJarFile
Event: 17.889 loading class sun/net/www/protocol/jar/URLJarFile done


Dynamic libraries:
0x00007ff68e0e0000 - 0x00007ff68e117000 	C:\Program Files\Java\jre1.8.0_181\bin\javaw.exe
0x00007ffa37b10000 - 0x00007ffa37cf1000 	C:\WINDOWS\SYSTEM32\ntdll.dll
0x00007ffa0b5d0000 - 0x00007ffa0b5e4000 	C:\Program Files\AVG\Antivirus\x64\aswhooka.dll
0x00007ffa35260000 - 0x00007ffa35312000 	C:\WINDOWS\System32\KERNEL32.DLL
0x00007ffa33fe0000 - 0x00007ffa34253000 	C:\WINDOWS\System32\KERNELBASE.dll
0x00007ffa376b0000 - 0x00007ffa37751000 	C:\WINDOWS\System32\ADVAPI32.dll
0x00007ffa35130000 - 0x00007ffa351ce000 	C:\WINDOWS\System32\msvcrt.dll
0x00007ffa351d0000 - 0x00007ffa3522b000 	C:\WINDOWS\System32\sechost.dll
0x00007ffa378c0000 - 0x00007ffa379e4000 	C:\WINDOWS\System32\RPCRT4.dll
0x00007ffa34fa0000 - 0x00007ffa35130000 	C:\WINDOWS\System32\USER32.dll
0x00007ffa34500000 - 0x00007ffa34520000 	C:\WINDOWS\System32\win32u.dll
0x00007ffa35230000 - 0x00007ffa35258000 	C:\WINDOWS\System32\GDI32.dll
0x00007ffa34c80000 - 0x00007ffa34e12000 	C:\WINDOWS\System32\gdi32full.dll
0x00007ffa34f00000 - 0x00007ffa34f9f000 	C:\WINDOWS\System32\msvcp_win.dll
0x00007ffa33ee0000 - 0x00007ffa33fda000 	C:\WINDOWS\System32\ucrtbase.dll
0x00007ffa25240000 - 0x00007ffa254a9000 	C:\WINDOWS\WinSxS\amd64_microsoft.windows.common-controls_6595b64144ccf1df_6.0.17134.345_none_fb429a5930656358\COMCTL32.dll
0x00007ffa36870000 - 0x00007ffa36b93000 	C:\WINDOWS\System32\combase.dll
0x00007ffa34e80000 - 0x00007ffa34efa000 	C:\WINDOWS\System32\bcryptPrimitives.dll
0x00007ffa36dc0000 - 0x00007ffa36ded000 	C:\WINDOWS\System32\IMM32.DLL
0x0000000074ed0000 - 0x0000000074fa2000 	C:\Program Files\Java\jre1.8.0_181\bin\msvcr100.dll
0x0000000072fb0000 - 0x0000000073852000 	C:\Program Files\Java\jre1.8.0_181\bin\server\jvm.dll
0x00007ffa37ad0000 - 0x00007ffa37ad8000 	C:\WINDOWS\System32\PSAPI.DLL
0x00007ffa2fe80000 - 0x00007ffa2fe89000 	C:\WINDOWS\SYSTEM32\WSOCK32.dll
0x00007ffa36d50000 - 0x00007ffa36dbc000 	C:\WINDOWS\System32\WS2_32.dll
0x00007ffa32110000 - 0x00007ffa32133000 	C:\WINDOWS\SYSTEM32\WINMM.dll
0x00007ffa25900000 - 0x00007ffa2590a000 	C:\WINDOWS\SYSTEM32\VERSION.dll
0x00007ffa31b60000 - 0x00007ffa31b8a000 	C:\WINDOWS\SYSTEM32\WINMMBASE.dll
0x00007ffa34520000 - 0x00007ffa34569000 	C:\WINDOWS\System32\cfgmgr32.dll
0x0000000074ec0000 - 0x0000000074ecf000 	C:\Program Files\Java\jre1.8.0_181\bin\verify.dll
0x0000000074e90000 - 0x0000000074eb9000 	C:\Program Files\Java\jre1.8.0_181\bin\java.dll
0x0000000074e70000 - 0x0000000074e86000 	C:\Program Files\Java\jre1.8.0_181\bin\zip.dll
0x00007ffa35430000 - 0x00007ffa3686f000 	C:\WINDOWS\System32\SHELL32.dll
0x00007ffa35320000 - 0x00007ffa353c9000 	C:\WINDOWS\System32\shcore.dll
0x00007ffa34570000 - 0x00007ffa34c7d000 	C:\WINDOWS\System32\windows.storage.dll
0x00007ffa353d0000 - 0x00007ffa35421000 	C:\WINDOWS\System32\shlwapi.dll
0x00007ffa33ea0000 - 0x00007ffa33eb1000 	C:\WINDOWS\System32\kernel.appcore.dll
0x00007ffa33e20000 - 0x00007ffa33e3f000 	C:\WINDOWS\System32\profapi.dll
0x00007ffa33e50000 - 0x00007ffa33e9c000 	C:\WINDOWS\System32\powrprof.dll
0x00007ffa33e40000 - 0x00007ffa33e4a000 	C:\WINDOWS\System32\FLTLIB.DLL
0x00000000749b0000 - 0x0000000074b49000 	C:\Program Files\Java\jre1.8.0_181\bin\awt.dll
0x00007ffa379f0000 - 0x00007ffa37ab2000 	C:\WINDOWS\System32\OLEAUT32.dll
0x00007ffa32410000 - 0x00007ffa3249b000 	C:\WINDOWS\SYSTEM32\apphelp.dll
0x00007ffa324c0000 - 0x00007ffa32558000 	C:\WINDOWS\system32\uxtheme.dll
0x00007ffa37530000 - 0x00007ffa376a4000 	C:\WINDOWS\System32\MSCTF.dll
0x00007ffa327d0000 - 0x00007ffa327f9000 	C:\WINDOWS\system32\dwmapi.dll
0x00007ffa37760000 - 0x00007ffa378b1000 	C:\WINDOWS\System32\ole32.dll
0x0000000074e20000 - 0x0000000074e67000 	C:\Program Files\Java\jre1.8.0_181\bin\fontmanager.dll
0x00007ffa25a80000 - 0x00007ffa25ba0000 	C:\WINDOWS\system32\opengl32.dll
0x00007ffa28470000 - 0x00007ffa2849c000 	C:\WINDOWS\SYSTEM32\GLU32.dll

VM Arguments:
java_command: C:\Users\linh_gao_bac\Documents\NetBeansProjects\Dictionary\dist\Dictionary.jar
java_class_path (initial): C:\Users\linh_gao_bac\Documents\NetBeansProjects\Dictionary\dist\Dictionary.jar
Launcher Type: SUN_STANDARD

Environment Variables:
PATH=C:\Program Files\Java\jdk1.8.0_181\bin;C:\Users\linh_gao_bac\AppData\Local\Microsoft\WindowsApps;C:\Users\linh_gao_bac\AppData\Roaming\npm;C:\Users\linh_gao_bac\AppData\Local\GitHubDesktop\bin;%USERPROFILE%\AppData\Local\Microsoft\WindowsApps;
USERNAME=linh_gao_bac
OS=Windows_NT
PROCESSOR_IDENTIFIER=Intel64 Family 6 Model 78 Stepping 3, GenuineIntel



---------------  S Y S T E M  ---------------

OS: Windows 10.0 , 64 bit Build 17134 (10.0.17134.1)

CPU:total 4 (initial active 4) (2 cores per cpu, 2 threads per core) family 6 model 78 stepping 3, cmov, cx8, fxsr, mmx, sse, sse2, sse3, ssse3, sse4.1, sse4.2, popcnt, avx, avx2, aes, clmul, erms, 3dnowpref, lzcnt, ht, tsc, tscinvbit, bmi1, bmi2, adx

Memory: 4k page, physical 4057788k(268060k free), swap 16640700k(224640k free)

vm_info: Java HotSpot(TM) 64-Bit Server VM (25.181-b13) for windows-amd64 JRE (1.8.0_181-b13), built on Jul  7 2018 04:01:33 by "java_re" with MS VC++ 10.0 (VS2010)

time: Tue Oct 23 13:34:18 2018
elapsed time: 22 seconds (0d 0h 0m 22s)

