#
# There is insufficient memory for the Java Runtime Environment to continue.
# Native memory allocation (malloc) failed to allocate 32744 bytes for ChunkPool::allocate
# Possible reasons:
#   The system is out of physical RAM or swap space
#   In 32 bit mode, the process size limit was hit
# Possible solutions:
#   Reduce memory load on the system
#   Increase physical memory or swap space
#   Check if swap backing store is full
#   Use 64 bit Java on a 64 bit OS
#   Decrease Java heap size (-Xmx/-Xms)
#   Decrease number of Java threads
#   Decrease Java thread stack sizes (-Xss)
#   Set larger code cache with -XX:ReservedCodeCacheSize=
# This output file may be truncated or incomplete.
#
#  Out of Memory Error (allocation.cpp:273), pid=4340, tid=0x0000000000001a0c
#
# JRE version: Java(TM) SE Runtime Environment (8.0_181-b13) (build 1.8.0_181-b13)
# Java VM: Java HotSpot(TM) 64-Bit Server VM (25.181-b13 mixed mode windows-amd64 compressed oops)
# Failed to write core dump. Minidumps are not enabled by default on client versions of Windows
#

---------------  T H R E A D  ---------------

Current thread (0x00000000163e2800):  JavaThread "C1 CompilerThread2" daemon [_thread_in_native, id=6668, stack(0x00000000168e0000,0x00000000169e0000)]

Stack: [0x00000000168e0000,0x00000000169e0000]
[error occurred during error reporting (printing stack bounds), id 0xc0000005]

Native frames: (J=compiled Java code, j=interpreted, Vv=VM code, C=native code)


Current CompileTask:
C1:  23066  309       3       java.util.HashMap::resize (359 bytes)


---------------  P R O C E S S  ---------------

Java Threads: ( => current thread )
  0x00000000025e1000 JavaThread "DestroyJavaVM" [_thread_blocked, id=10160, stack(0x00000000024e0000,0x00000000025e0000)]
  0x00000000164e2000 JavaThread "AWT-EventQueue-0" [_thread_blocked, id=19400, stack(0x0000000017260000,0x0000000017360000)]
  0x00000000164d9800 JavaThread "AWT-Shutdown" [_thread_blocked, id=19120, stack(0x0000000017160000,0x0000000017260000)]
  0x0000000016755000 JavaThread "AWT-Windows" daemon [_thread_in_native, id=13836, stack(0x0000000016f20000,0x0000000017020000)]
  0x0000000016752000 JavaThread "Java2D Disposer" daemon [_thread_blocked, id=13648, stack(0x0000000016d20000,0x0000000016e20000)]
  0x00000000163e6800 JavaThread "Service Thread" daemon [_thread_blocked, id=204, stack(0x00000000169e0000,0x0000000016ae0000)]
=>0x00000000163e2800 JavaThread "C1 CompilerThread2" daemon [_thread_in_native, id=6668, stack(0x00000000168e0000,0x00000000169e0000)]
  0x0000000014cdb800 JavaThread "C2 CompilerThread1" daemon [_thread_blocked, id=4508, stack(0x00000000167e0000,0x00000000168e0000)]
  0x0000000014c7d000 JavaThread "C2 CompilerThread0" daemon [_thread_blocked, id=4980, stack(0x00000000162e0000,0x00000000163e0000)]
  0x0000000014c7b000 JavaThread "Attach Listener" daemon [_thread_blocked, id=10936, stack(0x00000000161e0000,0x00000000162e0000)]
  0x0000000014c7a000 JavaThread "Signal Dispatcher" daemon [_thread_blocked, id=8912, stack(0x00000000160e0000,0x00000000161e0000)]
  0x0000000014c69800 JavaThread "Finalizer" daemon [_thread_blocked, id=1272, stack(0x0000000015ef0000,0x0000000015ff0000)]
  0x00000000026d1000 JavaThread "Reference Handler" daemon [_thread_blocked, id=12428, stack(0x0000000015df0000,0x0000000015ef0000)]

Other Threads:
  0x0000000014c47800 VMThread [stack: 0x0000000015cf0000,0x0000000015df0000] [id=8996]
  0x00000000163e8000 WatcherThread [stack: 0x0000000016ae0000,0x0000000016be0000] [id=12744]

VM state:at safepoint (normal execution)

VM Mutex/Monitor currently owned by a thread:  ([mutex/lock_event])
[0x000000000246b8a0] OopMapCacheAlloc_lock - owner thread: 0x00000000025fc000
[0x000000000246c2f0] Threads_lock - owner thread: 0x0000000014c47800
[0x000000000246bf70] Heap_lock - owner thread: 0x00000000164e2000

Heap:
 PSYoungGen      total 18432K, used 5080K [0x00000000eb580000, 0x00000000eca00000, 0x0000000100000000)
  eden space 15872K, 32% used [0x00000000eb580000,0x00000000eba762f8,0x00000000ec500000)
  from space 2560K, 0% used [0x00000000ec780000,0x00000000ec780000,0x00000000eca00000)
  to   space 2560K, 5% used [0x00000000ec500000,0x00000000ec520000,0x00000000ec780000)
 ParOldGen       total 42496K, used 0K [0x00000000c2000000, 0x00000000c4980000, 0x00000000eb580000)
  object space 42496K, 0% used [0x00000000c2000000,0x00000000c2000000,0x00000000c4980000)
 Metaspace       used 8416K, capacity 8594K, committed 8704K, reserved 1060864K
  class space    used 1086K, capacity 1179K, committed 1280K, reserved 1048576K

Card table byte_map: [0x0000000011aa0000,0x0000000011ca0000] byte_map_base: 0x0000000011490000

Marking Bits: (ParMarkBitMap*) 0x00000000737d2d00
 Begin Bits: [0x00000000121f0000, 0x0000000013170000)
 End Bits:   [0x0000000013170000, 0x00000000140f0000)

Polling page: 0x0000000002430000

CodeCache: size=245760Kb used=1709Kb max_used=1709Kb free=244050Kb
 bounds [0x00000000026e0000, 0x0000000002950000, 0x00000000116e0000]
 total_blobs=693 nmethods=308 adapters=298
 compilation: enabled

Compilation events (10 events):
Event: 15.524 Thread 0x00000000163e2800 nmethod 297 0x0000000002889b50 code [0x0000000002889ca0, 0x0000000002889df0]
Event: 15.524 Thread 0x00000000163e2800  299       3       java.util.HashMap$KeyIterator::next (8 bytes)
Event: 15.524 Thread 0x00000000163e2800 nmethod 299 0x0000000002889e50 code [0x0000000002889fc0, 0x000000000288a1c8]
Event: 15.524 Thread 0x00000000163e2800  307       3       javax.swing.plaf.nimbus.DerivedColor::equals (100 bytes)
Event: 15.524 Thread 0x00000000163e2800 nmethod 307 0x000000000288a290 code [0x000000000288a460, 0x000000000288ab38]
Event: 15.524 Thread 0x00000000163e2800  308       1       java.awt.Color::getRGB (5 bytes)
Event: 15.524 Thread 0x00000000163e2800 nmethod 308 0x000000000288ac90 code [0x000000000288ade0, 0x000000000288aef0]
Event: 15.524 Thread 0x00000000163e2800  298       1       javax.swing.plaf.nimbus.NimbusDefaults$LazyStyle$Part::access$600 (5 bytes)
Event: 15.524 Thread 0x00000000163e2800 nmethod 298 0x000000000288af50 code [0x000000000288b0a0, 0x000000000288b190]
Event: 18.407 Thread 0x00000000163e2800  309       3       java.util.HashMap::resize (359 bytes)

GC Heap History (0 events):
No events

Deoptimization events (0 events):
No events

Classes redefined (0 events):
No events

Internal exceptions (10 events):
Event: 15.395 Thread 0x00000000025e1000 Exception <a 'java/lang/ClassNotFoundException': ToolBar> (0x00000000eb93dc88) thrown at [C:\re\workspace\8-2-build-windows-amd64-cygwin\jdk8u181\11358\hotspot\src\share\vm\classfile\systemDictionary.cpp, line 210]
Event: 15.395 Thread 0x00000000025e1000 Exception <a 'java/lang/ClassNotFoundException': ToggleButton> (0x00000000eb93e238) thrown at [C:\re\workspace\8-2-build-windows-amd64-cygwin\jdk8u181\11358\hotspot\src\share\vm\classfile\systemDictionary.cpp, line 210]
Event: 15.395 Thread 0x00000000025e1000 Exception <a 'java/lang/ClassNotFoundException': javax/swing/JToolBarSeparator> (0x00000000eb93e698) thrown at [C:\re\workspace\8-2-build-windows-amd64-cygwin\jdk8u181\11358\hotspot\src\share\vm\classfile\systemDictionary.cpp, line 210]
Event: 15.395 Thread 0x00000000025e1000 Exception <a 'java/lang/ClassNotFoundException': ToolBarSeparator> (0x00000000eb93eb30) thrown at [C:\re\workspace\8-2-build-windows-amd64-cygwin\jdk8u181\11358\hotspot\src\share\vm\classfile\systemDictionary.cpp, line 210]
Event: 15.396 Thread 0x00000000025e1000 Exception <a 'java/lang/ClassNotFoundException': ToolTip> (0x00000000eb93f270) thrown at [C:\re\workspace\8-2-build-windows-amd64-cygwin\jdk8u181\11358\hotspot\src\share\vm\classfile\systemDictionary.cpp, line 210]
Event: 15.398 Thread 0x00000000025e1000 Exception <a 'java/lang/ClassNotFoundException': Tree> (0x00000000eb93fe90) thrown at [C:\re\workspace\8-2-build-windows-amd64-cygwin\jdk8u181\11358\hotspot\src\share\vm\classfile\systemDictionary.cpp, line 210]
Event: 15.398 Thread 0x00000000025e1000 Exception <a 'java/lang/ClassNotFoundException': Tree> (0x00000000eb9405d0) thrown at [C:\re\workspace\8-2-build-windows-amd64-cygwin\jdk8u181\11358\hotspot\src\share\vm\classfile\systemDictionary.cpp, line 210]
Event: 15.398 Thread 0x00000000025e1000 Exception <a 'java/lang/ClassNotFoundException': javax/swing/JTreeCell> (0x00000000eb940950) thrown at [C:\re\workspace\8-2-build-windows-amd64-cygwin\jdk8u181\11358\hotspot\src\share\vm\classfile\systemDictionary.cpp, line 210]
Event: 15.398 Thread 0x00000000025e1000 Exception <a 'java/lang/ClassNotFoundException': TreeCell> (0x00000000eb940dd8) thrown at [C:\re\workspace\8-2-build-windows-amd64-cygwin\jdk8u181\11358\hotspot\src\share\vm\classfile\systemDictionary.cpp, line 210]
Event: 15.398 Thread 0x00000000025e1000 Exception <a 'java/lang/ClassNotFoundException': RootPane> (0x00000000eb941838) thrown at [C:\re\workspace\8-2-build-windows-amd64-cygwin\jdk8u181\11358\hotspot\src\share\vm\classfile\systemDictionary.cpp, line 210]

Events (10 events):
Event: 18.403 loading class java/awt/FlowLayout done
Event: 18.404 Executing VM operation: RevokeBias
Event: 18.404 Executing VM operation: RevokeBias done
Event: 18.407 Executing VM operation: RevokeBias
Event: 18.407 Executing VM operation: RevokeBias done
Event: 18.407 loading class com/sun/swing/internal/plaf/synth/resources/synth
Event: 18.407 loading class com/sun/swing/internal/plaf/synth/resources/synth done
Event: 18.407 Executing VM operation: RevokeBias
Event: 18.409 Executing VM operation: RevokeBias done
Event: 18.409 Executing VM operation: RevokeBias


Dynamic libraries:
0x00007ff68e0e0000 - 0x00007ff68e117000 	C:\Program Files\Java\jre1.8.0_181\bin\javaw.exe
0x00007ffa37b10000 - 0x00007ffa37cf1000 	C:\WINDOWS\SYSTEM32\ntdll.dll
0x00007ffa0b5d0000 - 0x00007ffa0b5e4000 	C:\Program Files\AVG\Antivirus\x64\aswhooka.dll
0x00007ffa35260000 - 0x00007ffa35312000 	C:\WINDOWS\System32\KERNEL32.DLL
0x00007ffa33fe0000 - 0x00007ffa34253000 	C:\WINDOWS\System32\KERNELBASE.dll
0x00007ffa376b0000 - 0x00007ffa37751000 	C:\WINDOWS\System32\ADVAPI32.dll
0x00007ffa35130000 - 0x00007ffa351ce000 	C:\WINDOWS\System32\msvcrt.dll
0x00007ffa351d0000 - 0x00007ffa3522b000 	C:\WINDOWS\System32\sechost.dll
0x00007ffa378c0000 - 0x00007ffa379e4000 	C:\WINDOWS\System32\RPCRT4.dll
0x00007ffa34fa0000 - 0x00007ffa35130000 	C:\WINDOWS\System32\USER32.dll
0x00007ffa34500000 - 0x00007ffa34520000 	C:\WINDOWS\System32\win32u.dll
0x00007ffa35230000 - 0x00007ffa35258000 	C:\WINDOWS\System32\GDI32.dll
0x00007ffa34c80000 - 0x00007ffa34e12000 	C:\WINDOWS\System32\gdi32full.dll
0x00007ffa34f00000 - 0x00007ffa34f9f000 	C:\WINDOWS\System32\msvcp_win.dll
0x00007ffa33ee0000 - 0x00007ffa33fda000 	C:\WINDOWS\System32\ucrtbase.dll
0x00007ffa25240000 - 0x00007ffa254a9000 	C:\WINDOWS\WinSxS\amd64_microsoft.windows.common-controls_6595b64144ccf1df_6.0.17134.345_none_fb429a5930656358\COMCTL32.dll
0x00007ffa36870000 - 0x00007ffa36b93000 	C:\WINDOWS\System32\combase.dll
0x00007ffa34e80000 - 0x00007ffa34efa000 	C:\WINDOWS\System32\bcryptPrimitives.dll
0x00007ffa36dc0000 - 0x00007ffa36ded000 	C:\WINDOWS\System32\IMM32.DLL
0x0000000074ed0000 - 0x0000000074fa2000 	C:\Program Files\Java\jre1.8.0_181\bin\msvcr100.dll
0x0000000072fb0000 - 0x0000000073852000 	C:\Program Files\Java\jre1.8.0_181\bin\server\jvm.dll
0x00007ffa37ad0000 - 0x00007ffa37ad8000 	C:\WINDOWS\System32\PSAPI.DLL
0x00007ffa2fe80000 - 0x00007ffa2fe89000 	C:\WINDOWS\SYSTEM32\WSOCK32.dll
0x00007ffa36d50000 - 0x00007ffa36dbc000 	C:\WINDOWS\System32\WS2_32.dll
0x00007ffa32110000 - 0x00007ffa32133000 	C:\WINDOWS\SYSTEM32\WINMM.dll
0x00007ffa25900000 - 0x00007ffa2590a000 	C:\WINDOWS\SYSTEM32\VERSION.dll
0x00007ffa31b60000 - 0x00007ffa31b8a000 	C:\WINDOWS\SYSTEM32\WINMMBASE.dll
0x00007ffa34520000 - 0x00007ffa34569000 	C:\WINDOWS\System32\cfgmgr32.dll
0x0000000074ec0000 - 0x0000000074ecf000 	C:\Program Files\Java\jre1.8.0_181\bin\verify.dll
0x0000000074e90000 - 0x0000000074eb9000 	C:\Program Files\Java\jre1.8.0_181\bin\java.dll
0x0000000074e70000 - 0x0000000074e86000 	C:\Program Files\Java\jre1.8.0_181\bin\zip.dll
0x00007ffa35430000 - 0x00007ffa3686f000 	C:\WINDOWS\System32\SHELL32.dll
0x00007ffa35320000 - 0x00007ffa353c9000 	C:\WINDOWS\System32\shcore.dll
0x00007ffa34570000 - 0x00007ffa34c7d000 	C:\WINDOWS\System32\windows.storage.dll
0x00007ffa353d0000 - 0x00007ffa35421000 	C:\WINDOWS\System32\shlwapi.dll
0x00007ffa33ea0000 - 0x00007ffa33eb1000 	C:\WINDOWS\System32\kernel.appcore.dll
0x00007ffa33e20000 - 0x00007ffa33e3f000 	C:\WINDOWS\System32\profapi.dll
0x00007ffa33e50000 - 0x00007ffa33e9c000 	C:\WINDOWS\System32\powrprof.dll
0x00007ffa33e40000 - 0x00007ffa33e4a000 	C:\WINDOWS\System32\FLTLIB.DLL
0x00000000749b0000 - 0x0000000074b49000 	C:\Program Files\Java\jre1.8.0_181\bin\awt.dll
0x00007ffa379f0000 - 0x00007ffa37ab2000 	C:\WINDOWS\System32\OLEAUT32.dll
0x00007ffa32410000 - 0x00007ffa3249b000 	C:\WINDOWS\SYSTEM32\apphelp.dll
0x00007ffa324c0000 - 0x00007ffa32558000 	C:\WINDOWS\system32\uxtheme.dll
0x00007ffa37530000 - 0x00007ffa376a4000 	C:\WINDOWS\System32\MSCTF.dll
0x00007ffa327d0000 - 0x00007ffa327f9000 	C:\WINDOWS\system32\dwmapi.dll
0x00007ffa37760000 - 0x00007ffa378b1000 	C:\WINDOWS\System32\ole32.dll
0x0000000074e20000 - 0x0000000074e67000 	C:\Program Files\Java\jre1.8.0_181\bin\fontmanager.dll
0x00007ffa25a80000 - 0x00007ffa25ba0000 	C:\WINDOWS\system32\opengl32.dll
0x00007ffa28470000 - 0x00007ffa2849c000 	C:\WINDOWS\SYSTEM32\GLU32.dll

VM Arguments:
java_command: C:\Users\linh_gao_bac\Documents\NetBeansProjects\Dictionary\dist\Dictionary.jar
java_class_path (initial): C:\Users\linh_gao_bac\Documents\NetBeansProjects\Dictionary\dist\Dictionary.jar
Launcher Type: SUN_STANDARD

Environment Variables:
PATH=C:\Program Files\Java\jdk1.8.0_181\bin;C:\Users\linh_gao_bac\AppData\Local\Microsoft\WindowsApps;C:\Users\linh_gao_bac\AppData\Roaming\npm;C:\Users\linh_gao_bac\AppData\Local\GitHubDesktop\bin;%USERPROFILE%\AppData\Local\Microsoft\WindowsApps;
USERNAME=linh_gao_bac
OS=Windows_NT
PROCESSOR_IDENTIFIER=Intel64 Family 6 Model 78 Stepping 3, GenuineIntel



---------------  S Y S T E M  ---------------

OS: Windows 10.0 , 64 bit Build 17134 (10.0.17134.1)

CPU:total 4 (initial active 4) (2 cores per cpu, 2 threads per core) family 6 model 78 stepping 3, cmov, cx8, fxsr, mmx, sse, sse2, sse3, ssse3, sse4.1, sse4.2, popcnt, avx, avx2, aes, clmul, erms, 3dnowpref, lzcnt, ht, tsc, tscinvbit, bmi1, bmi2, adx

Memory: 4k page, physical 4057788k(268060k free), swap 16640700k(224640k free)

vm_info: Java HotSpot(TM) 64-Bit Server VM (25.181-b13) for windows-amd64 JRE (1.8.0_181-b13), built on Jul  7 2018 04:01:33 by "java_re" with MS VC++ 10.0 (VS2010)

time: Tue Oct 23 13:34:18 2018
elapsed time: 23 seconds (0d 0h 0m 23s)

