#
# There is insufficient memory for the Java Runtime Environment to continue.
# Native memory allocation (malloc) failed to allocate 32744 bytes for ChunkPool::allocate
# Possible reasons:
#   The system is out of physical RAM or swap space
#   In 32 bit mode, the process size limit was hit
# Possible solutions:
#   Reduce memory load on the system
#   Increase physical memory or swap space
#   Check if swap backing store is full
#   Use 64 bit Java on a 64 bit OS
#   Decrease Java heap size (-Xmx/-Xms)
#   Decrease number of Java threads
#   Decrease Java thread stack sizes (-Xss)
#   Set larger code cache with -XX:ReservedCodeCacheSize=
# This output file may be truncated or incomplete.
#
#  Out of Memory Error (allocation.cpp:273), pid=5116, tid=0x00000000000043e8
#
# JRE version: Java(TM) SE Runtime Environment (8.0_181-b13) (build 1.8.0_181-b13)
# Java VM: Java HotSpot(TM) 64-Bit Server VM (25.181-b13 mixed mode windows-amd64 compressed oops)
# Failed to write core dump. Minidumps are not enabled by default on client versions of Windows
#

---------------  T H R E A D  ---------------

Current thread (0x0000000016572800):  JavaThread "C1 CompilerThread2" daemon [_thread_in_native, id=17384, stack(0x0000000016a70000,0x0000000016b70000)]

Stack: [0x0000000016a70000,0x0000000016b70000]
[error occurred during error reporting (printing stack bounds), id 0xc0000005]

Native frames: (J=compiled Java code, j=interpreted, Vv=VM code, C=native code)


Current CompileTask:
C1:  18605   38       3       java.lang.String::toLowerCase (439 bytes)


---------------  P R O C E S S  ---------------

Java Threads: ( => current thread )
  0x0000000016576800 JavaThread "Service Thread" daemon [_thread_blocked, id=17564, stack(0x0000000016b70000,0x0000000016c70000)]
=>0x0000000016572800 JavaThread "C1 CompilerThread2" daemon [_thread_in_native, id=17384, stack(0x0000000016a70000,0x0000000016b70000)]
  0x0000000014f5c800 JavaThread "C2 CompilerThread1" daemon [_thread_blocked, id=17300, stack(0x0000000016970000,0x0000000016a70000)]
  0x0000000014efa000 JavaThread "C2 CompilerThread0" daemon [_thread_blocked, id=17136, stack(0x0000000016470000,0x0000000016570000)]
  0x0000000014f06000 JavaThread "Attach Listener" daemon [_thread_blocked, id=17132, stack(0x0000000016370000,0x0000000016470000)]
  0x0000000014f04800 JavaThread "Signal Dispatcher" daemon [_thread_blocked, id=17128, stack(0x0000000016270000,0x0000000016370000)]
  0x0000000014eea800 JavaThread "Finalizer" daemon [_thread_blocked, id=14532, stack(0x0000000016170000,0x0000000016270000)]
  0x0000000014ec9000 JavaThread "Reference Handler" daemon [_thread_blocked, id=14520, stack(0x0000000016070000,0x0000000016170000)]
  0x0000000002861000 JavaThread "main" [_thread_in_native, id=13360, stack(0x0000000002560000,0x0000000002660000)]

Other Threads:
  0x0000000014ec7800 VMThread [stack: 0x0000000015f70000,0x0000000016070000] [id=13660]
  0x0000000016578000 WatcherThread [stack: 0x0000000016c70000,0x0000000016d70000] [id=18044]

VM state:not at safepoint (normal execution)

VM Mutex/Monitor currently owned by a thread: None

Heap:
 PSYoungGen      total 18432K, used 1269K [0x00000000eb580000, 0x00000000eca00000, 0x0000000100000000)
  eden space 15872K, 8% used [0x00000000eb580000,0x00000000eb6bd758,0x00000000ec500000)
  from space 2560K, 0% used [0x00000000ec780000,0x00000000ec780000,0x00000000eca00000)
  to   space 2560K, 0% used [0x00000000ec500000,0x00000000ec500000,0x00000000ec780000)
 ParOldGen       total 42496K, used 0K [0x00000000c2000000, 0x00000000c4980000, 0x00000000eb580000)
  object space 42496K, 0% used [0x00000000c2000000,0x00000000c2000000,0x00000000c4980000)
 Metaspace       used 3752K, capacity 4648K, committed 4864K, reserved 1056768K
  class space    used 450K, capacity 484K, committed 512K, reserved 1048576K

Card table byte_map: [0x0000000011d20000,0x0000000011f20000] byte_map_base: 0x0000000011710000

Marking Bits: (ParMarkBitMap*) 0x00000000737d2d00
 Begin Bits: [0x0000000012470000, 0x00000000133f0000)
 End Bits:   [0x00000000133f0000, 0x0000000014370000)

Polling page: 0x0000000000ae0000

CodeCache: size=245760Kb used=1135Kb max_used=1135Kb free=244624Kb
 bounds [0x0000000002960000, 0x0000000002bd0000, 0x0000000011960000]
 total_blobs=282 nmethods=37 adapters=158
 compilation: enabled

Compilation events (10 events):
Event: 12.214 Thread 0x0000000016572800 nmethod 33 0x0000000002a781d0 code [0x0000000002a78320, 0x0000000002a78470]
Event: 12.214 Thread 0x0000000016572800   34   !   3       java.io.BufferedReader::readLine (304 bytes)
Event: 12.216 Thread 0x0000000016572800 nmethod 34 0x0000000002a78550 code [0x0000000002a787e0, 0x0000000002a79ee8]
Event: 13.629 Thread 0x0000000016572800   35       3       java.util.HashMap::hash (20 bytes)
Event: 13.631 Thread 0x0000000016572800 nmethod 35 0x0000000002a7acd0 code [0x0000000002a7ae40, 0x0000000002a7b088]
Event: 13.887 Thread 0x0000000016572800   36       1       java.io.File::getPath (5 bytes)
Event: 13.887 Thread 0x0000000016572800 nmethod 36 0x0000000002a7b150 code [0x0000000002a7b2a0, 0x0000000002a7b3b0]
Event: 13.888 Thread 0x0000000016572800   37       3       java.lang.Character::toLowerCase (6 bytes)
Event: 13.888 Thread 0x0000000016572800 nmethod 37 0x0000000002a7bb90 code [0x0000000002a7bd00, 0x0000000002a7bf98]
Event: 13.889 Thread 0x0000000016572800   38       3       java.lang.String::toLowerCase (439 bytes)

GC Heap History (0 events):
No events

Deoptimization events (0 events):
No events

Classes redefined (0 events):
No events

Internal exceptions (6 events):
Event: 1.774 Thread 0x0000000002861000 Exception <a 'java/lang/NoSuchMethodError': Method sun.misc.Unsafe.defineClass(Ljava/lang/String;[BII)Ljava/lang/Class; name or signature does not match> (0x00000000eb587cb0) thrown at [C:\re\workspace\8-2-build-windows-amd64-cygwin\jdk8u181\11358\hotspot
Event: 1.774 Thread 0x0000000002861000 Exception <a 'java/lang/NoSuchMethodError': Method sun.misc.Unsafe.prefetchRead(Ljava/lang/Object;J)V name or signature does not match> (0x00000000eb587f98) thrown at [C:\re\workspace\8-2-build-windows-amd64-cygwin\jdk8u181\11358\hotspot\src\share\vm\prim
Event: 13.888 Thread 0x0000000002861000 Exception <a 'java/security/PrivilegedActionException'> (0x00000000eb674ca0) thrown at [C:\re\workspace\8-2-build-windows-amd64-cygwin\jdk8u181\11358\hotspot\src\share\vm\prims\jvm.cpp, line 1435]
Event: 13.889 Thread 0x0000000002861000 Exception <a 'java/security/PrivilegedActionException'> (0x00000000eb674eb0) thrown at [C:\re\workspace\8-2-build-windows-amd64-cygwin\jdk8u181\11358\hotspot\src\share\vm\prims\jvm.cpp, line 1435]
Event: 13.889 Thread 0x0000000002861000 Exception <a 'java/security/PrivilegedActionException'> (0x00000000eb678b20) thrown at [C:\re\workspace\8-2-build-windows-amd64-cygwin\jdk8u181\11358\hotspot\src\share\vm\prims\jvm.cpp, line 1435]
Event: 13.889 Thread 0x0000000002861000 Exception <a 'java/security/PrivilegedActionException'> (0x00000000eb678d30) thrown at [C:\re\workspace\8-2-build-windows-amd64-cygwin\jdk8u181\11358\hotspot\src\share\vm\prims\jvm.cpp, line 1435]

Events (10 events):
Event: 13.890 loading class java/net/URLClassLoader$3$1 done
Event: 13.890 loading class java/util/ResourceBundle$CacheKey
Event: 13.890 loading class java/util/ResourceBundle$CacheKey done
Event: 13.890 loading class java/util/ResourceBundle$LoaderReference
Event: 13.890 loading class java/util/ResourceBundle$CacheKeyReference
Event: 13.890 loading class java/util/ResourceBundle$CacheKeyReference done
Event: 13.890 loading class java/util/ResourceBundle$LoaderReference done
Event: 13.890 loading class java/util/ResourceBundle$SingleFormatControl
Event: 13.890 loading class java/util/ResourceBundle$SingleFormatControl done
Event: 13.890 loading class java/util/LinkedList


Dynamic libraries:
0x00007ff68e0e0000 - 0x00007ff68e117000 	C:\Program Files\Java\jre1.8.0_181\bin\javaw.exe
0x00007ffa37b10000 - 0x00007ffa37cf1000 	C:\WINDOWS\SYSTEM32\ntdll.dll
0x00007ffa0b5d0000 - 0x00007ffa0b5e4000 	C:\Program Files\AVG\Antivirus\x64\aswhooka.dll
0x00007ffa35260000 - 0x00007ffa35312000 	C:\WINDOWS\System32\KERNEL32.DLL
0x00007ffa33fe0000 - 0x00007ffa34253000 	C:\WINDOWS\System32\KERNELBASE.dll
0x00007ffa376b0000 - 0x00007ffa37751000 	C:\WINDOWS\System32\ADVAPI32.dll
0x00007ffa35130000 - 0x00007ffa351ce000 	C:\WINDOWS\System32\msvcrt.dll
0x00007ffa351d0000 - 0x00007ffa3522b000 	C:\WINDOWS\System32\sechost.dll
0x00007ffa378c0000 - 0x00007ffa379e4000 	C:\WINDOWS\System32\RPCRT4.dll
0x00007ffa34fa0000 - 0x00007ffa35130000 	C:\WINDOWS\System32\USER32.dll
0x00007ffa34500000 - 0x00007ffa34520000 	C:\WINDOWS\System32\win32u.dll
0x00007ffa35230000 - 0x00007ffa35258000 	C:\WINDOWS\System32\GDI32.dll
0x00007ffa34c80000 - 0x00007ffa34e12000 	C:\WINDOWS\System32\gdi32full.dll
0x00007ffa34f00000 - 0x00007ffa34f9f000 	C:\WINDOWS\System32\msvcp_win.dll
0x00007ffa33ee0000 - 0x00007ffa33fda000 	C:\WINDOWS\System32\ucrtbase.dll
0x00007ffa25240000 - 0x00007ffa254a9000 	C:\WINDOWS\WinSxS\amd64_microsoft.windows.common-controls_6595b64144ccf1df_6.0.17134.345_none_fb429a5930656358\COMCTL32.dll
0x00007ffa36870000 - 0x00007ffa36b93000 	C:\WINDOWS\System32\combase.dll
0x00007ffa34e80000 - 0x00007ffa34efa000 	C:\WINDOWS\System32\bcryptPrimitives.dll
0x00007ffa36dc0000 - 0x00007ffa36ded000 	C:\WINDOWS\System32\IMM32.DLL
0x0000000074ed0000 - 0x0000000074fa2000 	C:\Program Files\Java\jre1.8.0_181\bin\msvcr100.dll
0x0000000072fb0000 - 0x0000000073852000 	C:\Program Files\Java\jre1.8.0_181\bin\server\jvm.dll
0x00007ffa37ad0000 - 0x00007ffa37ad8000 	C:\WINDOWS\System32\PSAPI.DLL
0x00007ffa2fe80000 - 0x00007ffa2fe89000 	C:\WINDOWS\SYSTEM32\WSOCK32.dll
0x00007ffa36d50000 - 0x00007ffa36dbc000 	C:\WINDOWS\System32\WS2_32.dll
0x00007ffa32110000 - 0x00007ffa32133000 	C:\WINDOWS\SYSTEM32\WINMM.dll
0x00007ffa25900000 - 0x00007ffa2590a000 	C:\WINDOWS\SYSTEM32\VERSION.dll
0x00007ffa31b60000 - 0x00007ffa31b8a000 	C:\WINDOWS\SYSTEM32\WINMMBASE.dll
0x00007ffa34520000 - 0x00007ffa34569000 	C:\WINDOWS\System32\cfgmgr32.dll
0x0000000074ec0000 - 0x0000000074ecf000 	C:\Program Files\Java\jre1.8.0_181\bin\verify.dll
0x0000000074e90000 - 0x0000000074eb9000 	C:\Program Files\Java\jre1.8.0_181\bin\java.dll
0x0000000074e70000 - 0x0000000074e86000 	C:\Program Files\Java\jre1.8.0_181\bin\zip.dll
0x00007ffa35430000 - 0x00007ffa3686f000 	C:\WINDOWS\System32\SHELL32.dll
0x00007ffa35320000 - 0x00007ffa353c9000 	C:\WINDOWS\System32\shcore.dll
0x00007ffa34570000 - 0x00007ffa34c7d000 	C:\WINDOWS\System32\windows.storage.dll
0x00007ffa353d0000 - 0x00007ffa35421000 	C:\WINDOWS\System32\shlwapi.dll
0x00007ffa33ea0000 - 0x00007ffa33eb1000 	C:\WINDOWS\System32\kernel.appcore.dll
0x00007ffa33e20000 - 0x00007ffa33e3f000 	C:\WINDOWS\System32\profapi.dll
0x00007ffa33e50000 - 0x00007ffa33e9c000 	C:\WINDOWS\System32\powrprof.dll
0x00007ffa33e40000 - 0x00007ffa33e4a000 	C:\WINDOWS\System32\FLTLIB.DLL
0x00007ffa324c0000 - 0x00007ffa32558000 	C:\WINDOWS\system32\uxtheme.dll
0x00007ffa37530000 - 0x00007ffa376a4000 	C:\WINDOWS\System32\MSCTF.dll
0x00007ffa379f0000 - 0x00007ffa37ab2000 	C:\WINDOWS\System32\OLEAUT32.dll
0x00007ffa327d0000 - 0x00007ffa327f9000 	C:\WINDOWS\system32\dwmapi.dll

VM Arguments:
java_command: C:\Users\linh_gao_bac\Documents\NetBeansProjects\Dictionary\dist\Dictionary.jar
java_class_path (initial): C:\Users\linh_gao_bac\Documents\NetBeansProjects\Dictionary\dist\Dictionary.jar
Launcher Type: SUN_STANDARD

Environment Variables:
PATH=C:\Program Files\Java\jdk1.8.0_181\bin;C:\Users\linh_gao_bac\AppData\Local\Microsoft\WindowsApps;C:\Users\linh_gao_bac\AppData\Roaming\npm;C:\Users\linh_gao_bac\AppData\Local\GitHubDesktop\bin;%USERPROFILE%\AppData\Local\Microsoft\WindowsApps;
USERNAME=linh_gao_bac
OS=Windows_NT
PROCESSOR_IDENTIFIER=Intel64 Family 6 Model 78 Stepping 3, GenuineIntel



---------------  S Y S T E M  ---------------

OS: Windows 10.0 , 64 bit Build 17134 (10.0.17134.1)

CPU:total 4 (initial active 4) (2 cores per cpu, 2 threads per core) family 6 model 78 stepping 3, cmov, cx8, fxsr, mmx, sse, sse2, sse3, ssse3, sse4.1, sse4.2, popcnt, avx, avx2, aes, clmul, erms, 3dnowpref, lzcnt, ht, tsc, tscinvbit, bmi1, bmi2, adx

Memory: 4k page, physical 4057788k(305356k free), swap 16640700k(2240688k free)

vm_info: Java HotSpot(TM) 64-Bit Server VM (25.181-b13) for windows-amd64 JRE (1.8.0_181-b13), built on Jul  7 2018 04:01:33 by "java_re" with MS VC++ 10.0 (VS2010)

time: Tue Oct 23 13:34:18 2018
elapsed time: 18 seconds (0d 0h 0m 18s)

