#
# There is insufficient memory for the Java Runtime Environment to continue.
# Native memory allocation (malloc) failed to allocate 32744 bytes for ChunkPool::allocate
# Possible reasons:
#   The system is out of physical RAM or swap space
#   In 32 bit mode, the process size limit was hit
# Possible solutions:
#   Reduce memory load on the system
#   Increase physical memory or swap space
#   Check if swap backing store is full
#   Use 64 bit Java on a 64 bit OS
#   Decrease Java heap size (-Xmx/-Xms)
#   Decrease number of Java threads
#   Decrease Java thread stack sizes (-Xss)
#   Set larger code cache with -XX:ReservedCodeCacheSize=
# This output file may be truncated or incomplete.
#
#  Out of Memory Error (allocation.cpp:273), pid=13276, tid=0x00000000000043e4
#
# JRE version: Java(TM) SE Runtime Environment (8.0_181-b13) (build 1.8.0_181-b13)
# Java VM: Java HotSpot(TM) 64-Bit Server VM (25.181-b13 mixed mode windows-amd64 compressed oops)
# Failed to write core dump. Minidumps are not enabled by default on client versions of Windows
#

---------------  T H R E A D  ---------------

Current thread (0x0000000016d43000):  JavaThread "C1 CompilerThread2" daemon [_thread_in_native, id=17380, stack(0x0000000017140000,0x0000000017240000)]

Stack: [0x0000000017140000,0x0000000017240000]
[error occurred during error reporting (printing stack bounds), id 0xc0000005]

Native frames: (J=compiled Java code, j=interpreted, Vv=VM code, C=native code)


Current CompileTask:
C1:  19445   36       3       java.lang.String::toLowerCase (439 bytes)


---------------  P R O C E S S  ---------------

Java Threads: ( => current thread )
  0x0000000016d47000 JavaThread "Service Thread" daemon [_thread_blocked, id=17568, stack(0x0000000017240000,0x0000000017340000)]
=>0x0000000016d43000 JavaThread "C1 CompilerThread2" daemon [_thread_in_native, id=17380, stack(0x0000000017140000,0x0000000017240000)]
  0x0000000015558000 JavaThread "C2 CompilerThread1" daemon [_thread_blocked, id=17296, stack(0x0000000016c40000,0x0000000016d40000)]
  0x00000000154fd800 JavaThread "C2 CompilerThread0" daemon [_thread_blocked, id=17148, stack(0x0000000016b40000,0x0000000016c40000)]
  0x00000000154fb800 JavaThread "Attach Listener" daemon [_thread_blocked, id=17144, stack(0x0000000016a40000,0x0000000016b40000)]
  0x00000000154fa800 JavaThread "Signal Dispatcher" daemon [_thread_blocked, id=17140, stack(0x0000000016940000,0x0000000016a40000)]
  0x00000000154ea800 JavaThread "Finalizer" daemon [_thread_blocked, id=14788, stack(0x0000000016750000,0x0000000016850000)]
  0x00000000154c9000 JavaThread "Reference Handler" daemon [_thread_blocked, id=14780, stack(0x0000000016650000,0x0000000016750000)]
  0x0000000002e61000 JavaThread "main" [_thread_in_vm, id=7076, stack(0x0000000002c30000,0x0000000002d30000)]

Other Threads:
  0x00000000154c8000 VMThread [stack: 0x0000000016550000,0x0000000016650000] [id=14640]
  0x0000000016d48800 WatcherThread [stack: 0x0000000017340000,0x0000000017440000] [id=17864]

VM state:synchronizing (normal execution)

VM Mutex/Monitor currently owned by a thread:  ([mutex/lock_event])
[0x0000000002d5bf10] Threads_lock - owner thread: 0x00000000154c8000

Heap:
 PSYoungGen      total 18432K, used 1269K [0x00000000eb580000, 0x00000000eca00000, 0x0000000100000000)
  eden space 15872K, 8% used [0x00000000eb580000,0x00000000eb6bd758,0x00000000ec500000)
  from space 2560K, 0% used [0x00000000ec780000,0x00000000ec780000,0x00000000eca00000)
  to   space 2560K, 0% used [0x00000000ec500000,0x00000000ec500000,0x00000000ec780000)
 ParOldGen       total 42496K, used 0K [0x00000000c2000000, 0x00000000c4980000, 0x00000000eb580000)
  object space 42496K, 0% used [0x00000000c2000000,0x00000000c2000000,0x00000000c4980000)
 Metaspace       used 3726K, capacity 4646K, committed 4864K, reserved 1056768K
  class space    used 443K, capacity 482K, committed 512K, reserved 1048576K

Card table byte_map: [0x0000000012320000,0x0000000012520000] byte_map_base: 0x0000000011d10000

Marking Bits: (ParMarkBitMap*) 0x00000000737d2d00
 Begin Bits: [0x0000000012a70000, 0x00000000139f0000)
 End Bits:   [0x00000000139f0000, 0x0000000014970000)

Polling page: 0x0000000000df0000

CodeCache: size=245760Kb used=1130Kb max_used=1130Kb free=244629Kb
 bounds [0x0000000002f60000, 0x00000000031d0000, 0x0000000011f60000]
 total_blobs=280 nmethods=35 adapters=158
 compilation: enabled

Compilation events (10 events):
Event: 14.371 Thread 0x0000000016d43000 nmethod 32 0x0000000003076690 code [0x0000000003076920, 0x0000000003078028]
Event: 14.371 Thread 0x0000000016d43000   31       3       java.lang.String::<init> (82 bytes)
Event: 14.371 Thread 0x0000000016d43000 nmethod 31 0x0000000003078e10 code [0x0000000003078fe0, 0x00000000030794d8]
Event: 14.537 Thread 0x0000000016d43000   33       3       java.util.HashMap::hash (20 bytes)
Event: 14.538 Thread 0x0000000016d43000 nmethod 33 0x0000000003079750 code [0x00000000030798c0, 0x0000000003079b08]
Event: 14.538 Thread 0x0000000016d43000   34       1       java.io.File::getPath (5 bytes)
Event: 14.538 Thread 0x0000000016d43000 nmethod 34 0x0000000003079bd0 code [0x0000000003079d20, 0x0000000003079e30]
Event: 14.539 Thread 0x0000000016d43000   35       3       java.lang.Character::toLowerCase (6 bytes)
Event: 14.539 Thread 0x0000000016d43000 nmethod 35 0x000000000307a610 code [0x000000000307a780, 0x000000000307aa18]
Event: 14.540 Thread 0x0000000016d43000   36       3       java.lang.String::toLowerCase (439 bytes)

GC Heap History (0 events):
No events

Deoptimization events (0 events):
No events

Classes redefined (0 events):
No events

Internal exceptions (10 events):
Event: 14.522 Thread 0x0000000002e61000 Exception <a 'java/io/IOException'> (0x00000000eb66e430) thrown at [C:\re\workspace\8-2-build-windows-amd64-cygwin\jdk8u181\11358\hotspot\src\share\vm\prims\jni.cpp, line 709]
Event: 14.529 Thread 0x0000000002e61000 Exception <a 'java/io/IOException'> (0x00000000eb66ead8) thrown at [C:\re\workspace\8-2-build-windows-amd64-cygwin\jdk8u181\11358\hotspot\src\share\vm\prims\jni.cpp, line 709]
Event: 14.531 Thread 0x0000000002e61000 Exception <a 'java/io/IOException'> (0x00000000eb66f1e0) thrown at [C:\re\workspace\8-2-build-windows-amd64-cygwin\jdk8u181\11358\hotspot\src\share\vm\prims\jni.cpp, line 709]
Event: 14.534 Thread 0x0000000002e61000 Exception <a 'java/io/IOException'> (0x00000000eb66f8a8) thrown at [C:\re\workspace\8-2-build-windows-amd64-cygwin\jdk8u181\11358\hotspot\src\share\vm\prims\jni.cpp, line 709]
Event: 14.537 Thread 0x0000000002e61000 Exception <a 'java/io/IOException'> (0x00000000eb66ff60) thrown at [C:\re\workspace\8-2-build-windows-amd64-cygwin\jdk8u181\11358\hotspot\src\share\vm\prims\jni.cpp, line 709]
Event: 14.538 Thread 0x0000000002e61000 Exception <a 'java/io/IOException'> (0x00000000eb670c10) thrown at [C:\re\workspace\8-2-build-windows-amd64-cygwin\jdk8u181\11358\hotspot\src\share\vm\prims\jni.cpp, line 709]
Event: 14.539 Thread 0x0000000002e61000 Exception <a 'java/security/PrivilegedActionException'> (0x00000000eb673f98) thrown at [C:\re\workspace\8-2-build-windows-amd64-cygwin\jdk8u181\11358\hotspot\src\share\vm\prims\jvm.cpp, line 1435]
Event: 14.540 Thread 0x0000000002e61000 Exception <a 'java/security/PrivilegedActionException'> (0x00000000eb6741a8) thrown at [C:\re\workspace\8-2-build-windows-amd64-cygwin\jdk8u181\11358\hotspot\src\share\vm\prims\jvm.cpp, line 1435]
Event: 14.541 Thread 0x0000000002e61000 Exception <a 'java/security/PrivilegedActionException'> (0x00000000eb677e18) thrown at [C:\re\workspace\8-2-build-windows-amd64-cygwin\jdk8u181\11358\hotspot\src\share\vm\prims\jvm.cpp, line 1435]
Event: 14.541 Thread 0x0000000002e61000 Exception <a 'java/security/PrivilegedActionException'> (0x00000000eb678028) thrown at [C:\re\workspace\8-2-build-windows-amd64-cygwin\jdk8u181\11358\hotspot\src\share\vm\prims\jvm.cpp, line 1435]

Events (10 events):
Event: 14.541 loading class java/net/URLClassLoader$3$1
Event: 14.541 loading class java/net/URLClassLoader$3$1 done
Event: 14.541 loading class java/util/ResourceBundle$CacheKey
Event: 14.541 loading class java/util/ResourceBundle$CacheKey done
Event: 14.541 loading class java/util/ResourceBundle$LoaderReference
Event: 14.541 loading class java/util/ResourceBundle$CacheKeyReference
Event: 14.541 loading class java/util/ResourceBundle$CacheKeyReference done
Event: 14.541 loading class java/util/ResourceBundle$LoaderReference done
Event: 14.541 loading class java/util/ResourceBundle$SingleFormatControl
Event: 14.541 loading class java/util/ResourceBundle$SingleFormatControl done


Dynamic libraries:
0x00007ff68e0e0000 - 0x00007ff68e117000 	C:\Program Files\Java\jre1.8.0_181\bin\javaw.exe
0x00007ffa37b10000 - 0x00007ffa37cf1000 	C:\WINDOWS\SYSTEM32\ntdll.dll
0x00007ffa0b5d0000 - 0x00007ffa0b5e4000 	C:\Program Files\AVG\Antivirus\x64\aswhooka.dll
0x00007ffa35260000 - 0x00007ffa35312000 	C:\WINDOWS\System32\KERNEL32.DLL
0x00007ffa33fe0000 - 0x00007ffa34253000 	C:\WINDOWS\System32\KERNELBASE.dll
0x00007ffa376b0000 - 0x00007ffa37751000 	C:\WINDOWS\System32\ADVAPI32.dll
0x00007ffa35130000 - 0x00007ffa351ce000 	C:\WINDOWS\System32\msvcrt.dll
0x00007ffa351d0000 - 0x00007ffa3522b000 	C:\WINDOWS\System32\sechost.dll
0x00007ffa378c0000 - 0x00007ffa379e4000 	C:\WINDOWS\System32\RPCRT4.dll
0x00007ffa34fa0000 - 0x00007ffa35130000 	C:\WINDOWS\System32\USER32.dll
0x00007ffa34500000 - 0x00007ffa34520000 	C:\WINDOWS\System32\win32u.dll
0x00007ffa35230000 - 0x00007ffa35258000 	C:\WINDOWS\System32\GDI32.dll
0x00007ffa34c80000 - 0x00007ffa34e12000 	C:\WINDOWS\System32\gdi32full.dll
0x00007ffa34f00000 - 0x00007ffa34f9f000 	C:\WINDOWS\System32\msvcp_win.dll
0x00007ffa33ee0000 - 0x00007ffa33fda000 	C:\WINDOWS\System32\ucrtbase.dll
0x00007ffa25240000 - 0x00007ffa254a9000 	C:\WINDOWS\WinSxS\amd64_microsoft.windows.common-controls_6595b64144ccf1df_6.0.17134.345_none_fb429a5930656358\COMCTL32.dll
0x00007ffa36870000 - 0x00007ffa36b93000 	C:\WINDOWS\System32\combase.dll
0x00007ffa34e80000 - 0x00007ffa34efa000 	C:\WINDOWS\System32\bcryptPrimitives.dll
0x00007ffa36dc0000 - 0x00007ffa36ded000 	C:\WINDOWS\System32\IMM32.DLL
0x0000000074ed0000 - 0x0000000074fa2000 	C:\Program Files\Java\jre1.8.0_181\bin\msvcr100.dll
0x0000000072fb0000 - 0x0000000073852000 	C:\Program Files\Java\jre1.8.0_181\bin\server\jvm.dll
0x00007ffa37ad0000 - 0x00007ffa37ad8000 	C:\WINDOWS\System32\PSAPI.DLL
0x00007ffa2fe80000 - 0x00007ffa2fe89000 	C:\WINDOWS\SYSTEM32\WSOCK32.dll
0x00007ffa36d50000 - 0x00007ffa36dbc000 	C:\WINDOWS\System32\WS2_32.dll
0x00007ffa32110000 - 0x00007ffa32133000 	C:\WINDOWS\SYSTEM32\WINMM.dll
0x00007ffa25900000 - 0x00007ffa2590a000 	C:\WINDOWS\SYSTEM32\VERSION.dll
0x00007ffa31b60000 - 0x00007ffa31b8a000 	C:\WINDOWS\SYSTEM32\WINMMBASE.dll
0x00007ffa34520000 - 0x00007ffa34569000 	C:\WINDOWS\System32\cfgmgr32.dll
0x0000000074ec0000 - 0x0000000074ecf000 	C:\Program Files\Java\jre1.8.0_181\bin\verify.dll
0x0000000074e90000 - 0x0000000074eb9000 	C:\Program Files\Java\jre1.8.0_181\bin\java.dll
0x0000000074e70000 - 0x0000000074e86000 	C:\Program Files\Java\jre1.8.0_181\bin\zip.dll
0x00007ffa35430000 - 0x00007ffa3686f000 	C:\WINDOWS\System32\SHELL32.dll
0x00007ffa35320000 - 0x00007ffa353c9000 	C:\WINDOWS\System32\shcore.dll
0x00007ffa34570000 - 0x00007ffa34c7d000 	C:\WINDOWS\System32\windows.storage.dll
0x00007ffa353d0000 - 0x00007ffa35421000 	C:\WINDOWS\System32\shlwapi.dll
0x00007ffa33ea0000 - 0x00007ffa33eb1000 	C:\WINDOWS\System32\kernel.appcore.dll
0x00007ffa33e20000 - 0x00007ffa33e3f000 	C:\WINDOWS\System32\profapi.dll
0x00007ffa33e50000 - 0x00007ffa33e9c000 	C:\WINDOWS\System32\powrprof.dll
0x00007ffa33e40000 - 0x00007ffa33e4a000 	C:\WINDOWS\System32\FLTLIB.DLL

VM Arguments:
java_command: C:\Users\linh_gao_bac\Documents\NetBeansProjects\Dictionary\dist\Dictionary.jar
java_class_path (initial): C:\Users\linh_gao_bac\Documents\NetBeansProjects\Dictionary\dist\Dictionary.jar
Launcher Type: SUN_STANDARD

Environment Variables:
PATH=C:\Program Files\Java\jdk1.8.0_181\bin;C:\Users\linh_gao_bac\AppData\Local\Microsoft\WindowsApps;C:\Users\linh_gao_bac\AppData\Roaming\npm;C:\Users\linh_gao_bac\AppData\Local\GitHubDesktop\bin;%USERPROFILE%\AppData\Local\Microsoft\WindowsApps;
USERNAME=linh_gao_bac
OS=Windows_NT
PROCESSOR_IDENTIFIER=Intel64 Family 6 Model 78 Stepping 3, GenuineIntel



---------------  S Y S T E M  ---------------

OS: Windows 10.0 , 64 bit Build 17134 (10.0.17134.1)

CPU:total 4 (initial active 4) (2 cores per cpu, 2 threads per core) family 6 model 78 stepping 3, cmov, cx8, fxsr, mmx, sse, sse2, sse3, ssse3, sse4.1, sse4.2, popcnt, avx, avx2, aes, clmul, erms, 3dnowpref, lzcnt, ht, tsc, tscinvbit, bmi1, bmi2, adx

Memory: 4k page, physical 4057788k(268060k free), swap 16640700k(224640k free)

vm_info: Java HotSpot(TM) 64-Bit Server VM (25.181-b13) for windows-amd64 JRE (1.8.0_181-b13), built on Jul  7 2018 04:01:33 by "java_re" with MS VC++ 10.0 (VS2010)

time: Tue Oct 23 13:34:18 2018
elapsed time: 19 seconds (0d 0h 0m 19s)

